<?xml version="1.0" encoding="UTF-8"?>
<!-- Generated by org.testng.reporters.JUnitReportReporter -->
<testsuite failures="0" tests="1" name="restassured.RestAssuredAPITest" time="2.045" errors="0" timestamp="2023-02-21T18:22:52 IST" skipped="0">
  <testcase classname="restassured.RestAssuredAPITest" name="GetBooksDetails" time="2.045"/>
  <system-out/>
</testsuite> <!-- restassured.RestAssuredAPITest -->
